<?xml version="1.0" encoding="UTF-8"?>
<!-- Generated by org.testng.reporters.JUnitXMLReporter -->
<testsuite ignored="0" hostname="INBook_X1" failures="1" tests="5" name="Test" time="0.183" errors="0" timestamp="2023-08-23T22:01:15 IST">
  <testcase classname="practice.Listenerpractice" name="test1" time="0.012"/>
  <testcase classname="practice.Listenerpractice" name="test2" time="0.006">
    <skipped/>
  </testcase> <!-- test2 -->
  <testcase classname="practice.Listenerpractice" name="test2" time="0.002">
    <skipped/>
  </testcase> <!-- test2 -->
  <testcase classname="practice.Listenerpractice" name="test2" time="0.003">
    <skipped/>
  </testcase> <!-- test2 -->
  <testcase classname="practice.Listenerpractice" name="test2" time="0.016">
    <failure type="java.lang.AssertionError" message="null">
      <![CDATA[java.lang.AssertionError: null
at practice.Listenerpractice.test2(Listenerpractice.java:21)
at java.base/java.util.ArrayList.forEach(ArrayList.java:1511)
... Removed 29 stack frames]]>
    </failure>
  </testcase> <!-- test2 -->
</testsuite> <!-- Test -->
